[2021/12/16 22:45:45.013] - Starting server with initial configuration: {"gasLimit":6721975,"gasPrice":20000000000,"hardfork":"petersburg","hostname":"127.0.0.1","port":8545,"network_id":5777,"default_balance_ether":100,"total_accounts":10,"unlocked_accounts":[],"locked":false,"vmErrorsOnRPCResponse":true,"verbose":false,"db_path":"/Users/karolis/Library/Application Support/Ganache/workspaces/foamy-jam/chaindata","logDirectory":"/Users/karolis/Desktop/e-shop"}
[2021/12/16 22:45:45.141] - eth_subscribe
[2021/12/16 22:45:45.141] - eth_getLogs
[2021/12/16 22:45:45.142] - eth_subscribe
[2021/12/16 22:45:45.170] - eth_subscribe
[2021/12/16 22:45:45.170] - eth_getLogs
[2021/12/16 22:45:45.170] - eth_subscribe
[2021/12/16 22:45:45.207] - eth_blockNumber
[2021/12/16 22:45:45.208] - eth_accounts
[2021/12/16 22:45:45.208] - eth_gasPrice
[2021/12/16 22:45:45.208] - eth_getBlockByNumber
[2021/12/16 22:45:45.208] - eth_subscribe
[2021/12/16 22:45:45.214] - eth_accounts
[2021/12/16 22:45:45.228] - eth_getBalance
[2021/12/16 22:45:45.229] - eth_getTransactionCount
[2021/12/16 22:45:45.230] - eth_getBalance
[2021/12/16 22:45:45.231] - eth_getTransactionCount
[2021/12/16 22:45:45.235] - eth_getBalance
[2021/12/16 22:45:45.237] - eth_getTransactionCount
[2021/12/16 22:45:45.237] - eth_getBalance
[2021/12/16 22:45:45.241] - eth_getTransactionCount
[2021/12/16 22:45:45.243] - eth_getBalance
[2021/12/16 22:45:45.244] - eth_getTransactionCount
[2021/12/16 22:45:45.245] - eth_getBalance
[2021/12/16 22:45:45.246] - eth_getTransactionCount
[2021/12/16 22:45:45.247] - eth_getBalance
[2021/12/16 22:45:45.250] - eth_getTransactionCount
[2021/12/16 22:45:45.259] - eth_getBalance
[2021/12/16 22:45:45.260] - eth_getTransactionCount
[2021/12/16 22:45:45.260] - eth_getBalance
[2021/12/16 22:45:45.265] - eth_getTransactionCount
[2021/12/16 22:45:45.266] - eth_getBalance
[2021/12/16 22:45:45.269] - eth_getTransactionCount
[2021/12/16 22:45:45.287] - eth_getTransactionCount
[2021/12/16 22:45:45.288] - eth_getBalance
[2021/12/16 22:45:45.289] - eth_getTransactionCount
[2021/12/16 22:45:45.290] - eth_getBalance
[2021/12/16 22:45:45.291] - eth_getTransactionCount
[2021/12/16 22:45:45.295] - eth_getBalance
[2021/12/16 22:45:45.297] - eth_getTransactionCount
[2021/12/16 22:45:45.302] - eth_getBalance
[2021/12/16 22:45:45.303] - eth_getTransactionCount
[2021/12/16 22:45:45.304] - eth_getBalance
[2021/12/16 22:45:45.305] - eth_getTransactionCount
[2021/12/16 22:45:45.306] - eth_getBalance
[2021/12/16 22:45:45.307] - eth_getTransactionCount
[2021/12/16 22:45:45.308] - eth_getBalance
[2021/12/16 22:45:45.319] - eth_getTransactionCount
[2021/12/16 22:45:45.319] - eth_getBalance
[2021/12/16 22:45:45.320] - eth_getTransactionCount
[2021/12/16 22:45:45.320] - eth_getBalance
[2021/12/16 22:45:45.320] - eth_getTransactionCount
[2021/12/16 22:45:45.335] - eth_blockNumber
[2021/12/16 22:45:45.335] - eth_accounts
[2021/12/16 22:45:45.335] - eth_gasPrice
[2021/12/16 22:45:45.344] - eth_getBlockByNumber
[2021/12/16 22:45:45.344] - eth_subscribe
[2021/12/16 22:45:45.511] - eth_getBalance
[2021/12/16 22:45:45.511] - eth_getTransactionCount
[2021/12/16 22:45:45.512] - eth_getBalance
[2021/12/16 22:45:45.513] - eth_getTransactionCount
[2021/12/16 22:45:45.514] - eth_getBalance
[2021/12/16 22:45:45.515] - eth_getTransactionCount
[2021/12/16 22:45:45.516] - eth_getBalance
[2021/12/16 22:45:45.517] - eth_getTransactionCount
[2021/12/16 22:45:45.518] - eth_getBalance
[2021/12/16 22:45:45.519] - eth_getTransactionCount
[2021/12/16 22:45:45.522] - eth_getBalance
[2021/12/16 22:45:45.523] - eth_getTransactionCount
[2021/12/16 22:45:45.523] - eth_getBalance
[2021/12/16 22:45:45.525] - eth_getTransactionCount
[2021/12/16 22:45:45.525] - eth_getBalance
[2021/12/16 22:45:45.525] - eth_getTransactionCount
[2021/12/16 22:45:45.526] - eth_getBalance
[2021/12/16 22:45:45.526] - eth_getTransactionCount
[2021/12/16 22:45:45.528] - eth_getBalance
[2021/12/16 22:45:45.529] - eth_getTransactionCount
[2021/12/16 22:45:45.536] - eth_getBalance
[2021/12/16 22:45:45.539] - eth_getTransactionCount
[2021/12/16 22:45:45.540] - eth_getBalance
[2021/12/16 22:45:45.541] - eth_getTransactionCount
[2021/12/16 22:45:45.542] - eth_getBalance
[2021/12/16 22:45:45.543] - eth_getTransactionCount
[2021/12/16 22:45:45.544] - eth_getBalance
[2021/12/16 22:45:45.550] - eth_getTransactionCount
[2021/12/16 22:45:45.553] - eth_getBalance
[2021/12/16 22:45:45.554] - eth_getTransactionCount
[2021/12/16 22:45:45.555] - eth_getBalance
[2021/12/16 22:45:45.556] - eth_getTransactionCount
[2021/12/16 22:45:45.557] - eth_getBalance
[2021/12/16 22:45:45.558] - eth_getTransactionCount
[2021/12/16 22:45:45.559] - eth_getBalance
[2021/12/16 22:45:45.560] - eth_getTransactionCount
[2021/12/16 22:45:45.561] - eth_getBalance
[2021/12/16 22:45:45.569] - eth_getTransactionCount
[2021/12/16 22:45:45.570] - eth_getBalance
[2021/12/16 22:45:45.571] - eth_getTransactionCount
[2021/12/16 22:53:04.992] - eth_blockNumber
[2021/12/16 22:53:05.013] - net_version
[2021/12/16 22:53:05.018] - eth_accounts
[2021/12/16 22:53:05.042] - eth_getBlockByNumber
[2021/12/16 22:53:05.052] - eth_accounts
[2021/12/16 22:53:05.063] - net_version
[2021/12/16 22:53:05.066] - eth_getBlockByNumber
[2021/12/16 22:53:05.070] - eth_getBlockByNumber
[2021/12/16 22:53:05.074] - net_version
[2021/12/16 22:53:05.078] - eth_getBlockByNumber
[2021/12/16 22:53:05.082] - eth_estimateGas
[2021/12/16 22:53:05.213] - net_version
[2021/12/16 22:53:05.214] - eth_blockNumber
[2021/12/16 22:53:05.216] - eth_getBlockByNumber
[2021/12/16 22:53:05.220] - eth_estimateGas
[2021/12/16 22:53:05.257] - eth_getBlockByNumber
[2021/12/16 22:53:05.258] - eth_gasPrice
[2021/12/16 22:53:05.262] - eth_sendTransaction
[2021/12/16 22:53:05.300] - 
[2021/12/16 22:53:05.301] -   Transaction: 0x3bf07564630e2710ce022861af4aa00d19e58e4fcb8879f537b65e4e743ae075
[2021/12/16 22:53:05.301] -   Contract created: 0xfc0b0a8ce05c11f8cf7ff28562d1769b11598f21
[2021/12/16 22:53:05.301] -   Gas usage: 221555
[2021/12/16 22:53:05.301] -   Block Number: 1
[2021/12/16 22:53:05.306] -   Block Time: Thu Dec 16 2021 22:53:05 GMT+0200 (Eastern European Standard Time)
[2021/12/16 22:53:05.306] - 
[2021/12/16 22:53:05.308] - eth_getBlockByNumber
[2021/12/16 22:53:05.308] - eth_getTransactionReceipt
[2021/12/16 22:53:05.316] - eth_getCode
[2021/12/16 22:53:05.320] - eth_getTransactionByHash
[2021/12/16 22:53:05.325] - eth_getBlockByNumber
[2021/12/16 22:53:05.328] - eth_getBalance
[2021/12/16 22:53:05.333] - eth_getBalance
[2021/12/16 22:53:05.333] - eth_getBlockByNumber
[2021/12/16 22:53:05.339] - eth_getBlockByNumber
[2021/12/16 22:53:05.340] - eth_getTransactionCount
[2021/12/16 22:53:05.344] - eth_getBalance
[2021/12/16 22:53:05.344] - eth_estimateGas
[2021/12/16 22:53:05.358] - eth_getTransactionCount
[2021/12/16 22:53:05.371] - eth_getBalance
[2021/12/16 22:53:05.372] - eth_getTransactionCount
[2021/12/16 22:53:05.375] - eth_getBalance
[2021/12/16 22:53:05.380] - eth_getBlockByNumber
[2021/12/16 22:53:05.380] - eth_gasPrice
[2021/12/16 22:53:05.381] - eth_getTransactionCount
[2021/12/16 22:53:05.385] - eth_getBalance
[2021/12/16 22:53:05.388] - eth_getTransactionCount
[2021/12/16 22:53:05.392] - eth_getBalance
[2021/12/16 22:53:05.394] - eth_sendTransaction
[2021/12/16 22:53:05.407] - eth_getTransactionCount
[2021/12/16 22:53:05.410] - eth_getBalance
[2021/12/16 22:53:05.414] - eth_getTransactionCount
[2021/12/16 22:53:05.418] - 
[2021/12/16 22:53:05.418] -   Transaction: 0xb6ef76846c87ebd4f403836c46f7ce8ef82a437074b02d969e4198fc79e3f333
[2021/12/16 22:53:05.418] -   Gas usage: 41998
[2021/12/16 22:53:05.418] -   Block Number: 2
[2021/12/16 22:53:05.418] -   Block Time: Thu Dec 16 2021 22:53:05 GMT+0200 (Eastern European Standard Time)
[2021/12/16 22:53:05.418] - 
[2021/12/16 22:53:05.420] - eth_getBlockByNumber
[2021/12/16 22:53:05.421] - eth_getBalance
[2021/12/16 22:53:05.421] - eth_getTransactionReceipt
[2021/12/16 22:53:05.432] - eth_getTransactionCount
[2021/12/16 22:53:05.436] - eth_getBlockByNumber
[2021/12/16 22:53:05.437] - eth_getBalance
[2021/12/16 22:53:05.441] - eth_accounts
[2021/12/16 22:53:05.442] - eth_getTransactionCount
[2021/12/16 22:53:05.447] - eth_getBalance
[2021/12/16 22:53:05.454] - net_version
[2021/12/16 22:53:05.457] - eth_getTransactionCount
[2021/12/16 22:53:05.457] - eth_getBlockByNumber
[2021/12/16 22:53:05.461] - eth_getBlockByNumber
[2021/12/16 22:53:05.465] - net_version
[2021/12/16 22:53:05.467] - eth_getBlockByNumber
[2021/12/16 22:53:05.473] - eth_estimateGas
[2021/12/16 22:53:05.591] - eth_getBalance
[2021/12/16 22:53:05.596] - eth_getBalance
[2021/12/16 22:53:05.606] - eth_getTransactionCount
[2021/12/16 22:53:05.607] - eth_getBalance
[2021/12/16 22:53:05.607] - eth_getTransactionCount
[2021/12/16 22:53:05.620] - eth_getBalance
[2021/12/16 22:53:05.620] - eth_getTransactionCount
[2021/12/16 22:53:05.622] - eth_getBalance
[2021/12/16 22:53:05.622] - eth_getTransactionCount
[2021/12/16 22:53:05.627] - eth_getBalance
[2021/12/16 22:53:05.632] - eth_getTransactionCount
[2021/12/16 22:53:05.644] - eth_getBalance
[2021/12/16 22:53:05.644] - eth_getTransactionCount
[2021/12/16 22:53:05.650] - eth_getBalance
[2021/12/16 22:53:05.652] - eth_getTransactionCount
[2021/12/16 22:53:05.656] - eth_getBalance
[2021/12/16 22:53:05.659] - eth_getTransactionCount
[2021/12/16 22:53:05.665] - eth_getBalance
[2021/12/16 22:53:05.677] - eth_getTransactionCount
[2021/12/16 22:53:05.803] - net_version
[2021/12/16 22:53:05.803] - eth_blockNumber
[2021/12/16 22:53:05.847] - eth_getBlockByNumber
[2021/12/16 22:53:05.853] - eth_estimateGas
[2021/12/16 22:53:06.100] - eth_getBlockByNumber
[2021/12/16 22:53:06.101] - eth_gasPrice
[2021/12/16 22:53:06.104] - eth_sendTransaction
[2021/12/16 22:53:06.193] - 
[2021/12/16 22:53:06.194] -   Transaction: 0x7357d9e4b6df2e5f9104d6e1ef9a746c4d816cd8f5e909c12aa2c0c1520592ef
[2021/12/16 22:53:06.194] -   Contract created: 0x54161a6c8a4c882c6d35f22bf6e980fb1175c8e9
[2021/12/16 22:53:06.194] -   Gas usage: 2319799
[2021/12/16 22:53:06.194] -   Block Number: 3
[2021/12/16 22:53:06.194] -   Block Time: Thu Dec 16 2021 22:53:06 GMT+0200 (Eastern European Standard Time)
[2021/12/16 22:53:06.194] - 
[2021/12/16 22:53:06.195] - eth_getBlockByNumber
[2021/12/16 22:53:06.195] - eth_getTransactionReceipt
[2021/12/16 22:53:06.202] - eth_getCode
[2021/12/16 22:53:06.206] - eth_getTransactionByHash
[2021/12/16 22:53:06.215] - eth_getBalance
[2021/12/16 22:53:06.216] - eth_getTransactionCount
[2021/12/16 22:53:06.216] - eth_getBalance
[2021/12/16 22:53:06.217] - eth_getBlockByNumber
[2021/12/16 22:53:06.217] - eth_getTransactionCount
[2021/12/16 22:53:06.223] - eth_getBalance
[2021/12/16 22:53:06.226] - eth_getTransactionCount
[2021/12/16 22:53:06.232] - eth_getBalance
[2021/12/16 22:53:06.234] - eth_getBalance
[2021/12/16 22:53:06.237] - eth_getTransactionCount
[2021/12/16 22:53:06.240] - eth_getBalance
[2021/12/16 22:53:06.244] - eth_getTransactionCount
[2021/12/16 22:53:06.248] - eth_getBlockByNumber
[2021/12/16 22:53:06.252] - eth_getBalance
[2021/12/16 22:53:06.254] - eth_getBlockByNumber
[2021/12/16 22:53:06.256] - eth_getTransactionCount
[2021/12/16 22:53:06.260] - eth_estimateGas
[2021/12/16 22:53:06.274] - eth_getBalance
[2021/12/16 22:53:06.275] - eth_getTransactionCount
[2021/12/16 22:53:06.275] - eth_getBalance
[2021/12/16 22:53:06.282] - eth_getTransactionCount
[2021/12/16 22:53:06.285] - eth_getBalance
[2021/12/16 22:53:06.288] - eth_getTransactionCount
[2021/12/16 22:53:06.306] - eth_getBalance
[2021/12/16 22:53:06.307] - eth_getTransactionCount
[2021/12/16 22:53:06.320] - eth_getBlockByNumber
[2021/12/16 22:53:06.320] - eth_gasPrice
[2021/12/16 22:53:06.320] - eth_getBlockByNumber
[2021/12/16 22:53:06.342] - eth_sendTransaction
[2021/12/16 22:53:06.347] - eth_getBlockByNumber
[2021/12/16 22:53:06.362] - 
[2021/12/16 22:53:06.362] -   Transaction: 0x85275f8174f63a9fbbaf2c753374b9a45854fa15dbecf2bb78264f1f74e884c1
[2021/12/16 22:53:06.362] -   Gas usage: 26998
[2021/12/16 22:53:06.362] -   Block Number: 4
[2021/12/16 22:53:06.362] -   Block Time: Thu Dec 16 2021 22:53:06 GMT+0200 (Eastern European Standard Time)
[2021/12/16 22:53:06.363] - 
[2021/12/16 22:53:06.363] - eth_getBlockByNumber
[2021/12/16 22:53:06.364] - eth_getTransactionReceipt
[2021/12/16 22:53:06.434] - eth_getBalance
[2021/12/16 22:53:06.441] - eth_getTransactionCount
[2021/12/16 22:53:06.442] - eth_getBalance
[2021/12/16 22:53:06.446] - eth_getTransactionCount
[2021/12/16 22:53:06.452] - eth_getBalance
[2021/12/16 22:53:06.459] - eth_getTransactionCount
[2021/12/16 22:53:06.463] - eth_getTransactionCount
[2021/12/16 22:53:06.473] - eth_getBalance
[2021/12/16 22:53:06.473] - eth_getTransactionCount
[2021/12/16 22:53:06.473] - eth_getBalance
[2021/12/16 22:53:06.478] - eth_getTransactionCount
[2021/12/16 22:53:06.485] - eth_getBalance
[2021/12/16 22:53:06.488] - eth_getTransactionCount
[2021/12/16 22:53:06.496] - eth_getBalance
[2021/12/16 22:53:06.501] - eth_getTransactionCount
[2021/12/16 22:53:06.503] - eth_getBalance
[2021/12/16 22:53:06.506] - eth_getTransactionCount
[2021/12/16 22:56:06.115] - net_version
[2021/12/16 22:56:06.122] - eth_coinbase
[2021/12/16 22:56:06.122] - net_version
[2021/12/16 22:56:06.128] - eth_newFilter
[2021/12/16 22:56:06.129] - eth_newFilter
[2021/12/16 22:56:06.138] - eth_call
[2021/12/16 22:56:06.139] - eth_getFilterLogs
[2021/12/16 22:56:06.161] - eth_getFilterChanges
[2021/12/16 22:56:06.161] - eth_getFilterLogs
[2021/12/16 22:56:06.196] - eth_call
[2021/12/16 22:56:06.233] - eth_call
[2021/12/16 22:56:06.239] - eth_call
[2021/12/16 22:56:06.239] - eth_call
[2021/12/16 22:56:06.240] - eth_call
[2021/12/16 22:56:06.642] - eth_getFilterChanges
[2021/12/16 22:56:06.643] - eth_getFilterChanges
[2021/12/16 22:56:07.142] - eth_getFilterChanges
[2021/12/16 22:56:07.143] - eth_getFilterChanges
[2021/12/16 22:56:07.643] - eth_getFilterChanges
[2021/12/16 22:56:07.644] - eth_getFilterChanges
[2021/12/16 22:56:08.145] - eth_getFilterChanges
[2021/12/16 22:56:08.146] - eth_getFilterChanges
[2021/12/16 22:56:08.646] - eth_getFilterChanges
[2021/12/16 22:56:08.647] - eth_getFilterChanges
[2021/12/16 22:56:09.150] - eth_getFilterChanges
[2021/12/16 22:56:09.150] - eth_getFilterChanges
[2021/12/16 22:56:09.651] - eth_getFilterChanges
[2021/12/16 22:56:09.651] - eth_getFilterChanges
[2021/12/16 22:56:10.153] - eth_getFilterChanges
[2021/12/16 22:56:10.154] - eth_getFilterChanges
[2021/12/16 22:56:10.655] - eth_getFilterChanges
[2021/12/16 22:56:10.656] - eth_getFilterChanges
[2021/12/16 22:56:11.156] - eth_getFilterChanges
[2021/12/16 22:56:11.156] - eth_getFilterChanges
[2021/12/16 22:56:11.657] - eth_getFilterChanges
[2021/12/16 22:56:11.658] - eth_getFilterChanges
[2021/12/16 22:56:12.157] - eth_getFilterChanges
[2021/12/16 22:56:12.157] - eth_getFilterChanges
[2021/12/16 22:56:12.657] - eth_getFilterChanges
[2021/12/16 22:56:12.657] - eth_getFilterChanges
[2021/12/16 22:56:13.159] - eth_getFilterChanges
[2021/12/16 22:56:13.159] - eth_getFilterChanges
[2021/12/16 22:56:13.658] - eth_getFilterChanges
[2021/12/16 22:56:13.659] - eth_getFilterChanges
[2021/12/16 22:56:14.159] - eth_getFilterChanges
[2021/12/16 22:56:14.160] - eth_getFilterChanges
[2021/12/16 22:56:14.661] - eth_getFilterChanges
[2021/12/16 22:56:14.661] - eth_getFilterChanges
[2021/12/16 22:56:15.162] - eth_getFilterChanges
[2021/12/16 22:56:15.163] - eth_getFilterChanges
[2021/12/16 22:56:15.664] - eth_getFilterChanges
[2021/12/16 22:56:15.664] - eth_getFilterChanges
[2021/12/16 22:56:16.167] - eth_getFilterChanges
[2021/12/16 22:56:16.167] - eth_getFilterChanges
[2021/12/16 22:56:16.669] - eth_getFilterChanges
[2021/12/16 22:56:16.670] - eth_getFilterChanges
[2021/12/16 22:56:17.169] - eth_getFilterChanges
[2021/12/16 22:56:17.169] - eth_getFilterChanges
[2021/12/16 22:56:18.623] - eth_getFilterChanges
[2021/12/16 22:56:18.624] - eth_getFilterChanges
[2021/12/16 22:56:19.735] - eth_getFilterChanges
[2021/12/16 22:56:19.735] - eth_getFilterChanges
[2021/12/16 22:56:20.762] - eth_getFilterChanges
[2021/12/16 22:56:20.762] - eth_getFilterChanges
[2021/12/16 22:56:21.818] - eth_getFilterChanges
[2021/12/16 22:56:21.819] - eth_getFilterChanges
[2021/12/16 22:56:22.792] - eth_getFilterChanges
[2021/12/16 22:56:22.793] - eth_getFilterChanges
[2021/12/16 22:56:23.806] - eth_getFilterChanges
[2021/12/16 22:56:23.806] - eth_getFilterChanges
[2021/12/16 22:56:24.794] - eth_getFilterChanges
[2021/12/16 22:56:24.794] - eth_getFilterChanges
[2021/12/16 22:56:25.801] - eth_getFilterChanges
[2021/12/16 22:56:25.802] - eth_getFilterChanges
[2021/12/16 22:56:26.798] - eth_getFilterChanges
[2021/12/16 22:56:26.799] - eth_getFilterChanges
[2021/12/16 22:56:27.806] - eth_getFilterChanges
[2021/12/16 22:56:27.807] - eth_getFilterChanges
[2021/12/16 22:56:28.796] - eth_getFilterChanges
[2021/12/16 22:56:28.797] - eth_getFilterChanges
[2021/12/16 22:56:29.797] - eth_getFilterChanges
[2021/12/16 22:56:29.797] - eth_getFilterChanges
[2021/12/16 22:56:30.794] - eth_getFilterChanges
[2021/12/16 22:56:30.795] - eth_getFilterChanges
[2021/12/16 22:56:31.796] - eth_getFilterChanges
[2021/12/16 22:56:31.797] - eth_getFilterChanges
[2021/12/16 22:56:32.796] - eth_getFilterChanges
[2021/12/16 22:56:32.797] - eth_getFilterChanges
[2021/12/16 22:56:33.580] - eth_getFilterChanges
[2021/12/16 22:56:33.580] - eth_getFilterChanges
[2021/12/16 22:56:34.916] - eth_getFilterChanges
[2021/12/16 22:56:34.917] - eth_getFilterChanges
[2021/12/16 22:56:35.418] - eth_getFilterChanges
[2021/12/16 22:56:35.419] - eth_getFilterChanges
[2021/12/16 22:56:35.919] - eth_getFilterChanges
[2021/12/16 22:56:35.919] - eth_getFilterChanges
[2021/12/16 22:56:36.244] - eth_sendTransaction
[2021/12/16 22:56:36.334] - 
[2021/12/16 22:56:36.334] -   Transaction: 0xffffb7b3d45bdaefc26afcf50156972d95126889f346a327a47172df3f516a91
[2021/12/16 22:56:36.334] -   Gas usage: 90000
[2021/12/16 22:56:36.334] -   Block Number: 5
[2021/12/16 22:56:36.335] -   Block Time: Thu Dec 16 2021 22:56:36 GMT+0200 (Eastern European Standard Time)
[2021/12/16 22:56:36.335] -   Runtime Error: out of gas
[2021/12/16 22:56:36.335] - 
[2021/12/16 22:56:36.336] - eth_getBlockByNumber
[2021/12/16 22:56:36.365] - eth_getBalance
[2021/12/16 22:56:36.381] - eth_getTransactionCount
[2021/12/16 22:56:36.395] - eth_getBalance
[2021/12/16 22:56:36.402] - eth_getTransactionCount
[2021/12/16 22:56:36.408] - eth_getBalance
[2021/12/16 22:56:36.415] - eth_getTransactionCount
[2021/12/16 22:56:36.420] - eth_getFilterChanges
[2021/12/16 22:56:36.421] - eth_getFilterChanges
[2021/12/16 22:56:36.421] - eth_getBalance
[2021/12/16 22:56:36.425] - eth_getTransactionCount
[2021/12/16 22:56:36.431] - eth_getBalance
[2021/12/16 22:56:36.439] - eth_getTransactionCount
[2021/12/16 22:56:36.466] - eth_getBalance
[2021/12/16 22:56:36.474] - eth_getTransactionCount
[2021/12/16 22:56:36.480] - eth_getBalance
[2021/12/16 22:56:36.489] - eth_getTransactionCount
[2021/12/16 22:56:36.496] - eth_getBalance
[2021/12/16 22:56:36.501] - eth_getTransactionCount
[2021/12/16 22:56:36.509] - eth_getBalance
[2021/12/16 22:56:36.517] - eth_getTransactionCount
[2021/12/16 22:56:36.523] - eth_getBalance
[2021/12/16 22:56:36.529] - eth_getTransactionCount
[2021/12/16 22:56:36.919] - eth_getFilterChanges
[2021/12/16 22:56:36.919] - eth_getFilterChanges
[2021/12/16 22:56:37.419] - eth_getFilterChanges
[2021/12/16 22:56:37.420] - eth_getFilterChanges
[2021/12/16 22:56:37.920] - eth_getFilterChanges
[2021/12/16 22:56:37.920] - eth_getFilterChanges
[2021/12/16 22:56:38.423] - eth_getFilterChanges
[2021/12/16 22:56:38.424] - eth_getFilterChanges
[2021/12/16 22:56:38.922] - eth_getFilterChanges
[2021/12/16 22:56:38.922] - eth_getFilterChanges
[2021/12/16 22:56:39.423] - eth_getFilterChanges
[2021/12/16 22:56:39.424] - eth_getFilterChanges
[2021/12/16 22:56:39.924] - eth_getFilterChanges
[2021/12/16 22:56:39.924] - eth_getFilterChanges
[2021/12/16 22:56:40.425] - eth_getFilterChanges
[2021/12/16 22:56:40.425] - eth_getFilterChanges
[2021/12/16 22:56:40.924] - eth_getFilterChanges
[2021/12/16 22:56:40.925] - eth_getFilterChanges
[2021/12/16 22:56:41.424] - eth_getFilterChanges
[2021/12/16 22:56:41.425] - eth_getFilterChanges
[2021/12/17 02:57:33.446] - eth_blockNumber
[2021/12/17 02:57:33.451] - net_version
[2021/12/17 02:57:33.458] - eth_getBalance
[2021/12/17 02:57:33.468] - eth_getBlockByNumber
[2021/12/17 02:57:53.482] - eth_blockNumber
[2021/12/17 02:58:02.987] - net_version
[2021/12/17 02:58:02.991] - net_version
[2021/12/17 02:58:03.003] - eth_getLogs
[2021/12/17 02:58:03.004] - eth_getLogs
[2021/12/17 02:58:03.013] - eth_call
[2021/12/17 02:58:03.064] - eth_call
[2021/12/17 02:58:03.097] - eth_call
[2021/12/17 02:58:03.097] - eth_call
[2021/12/17 02:58:03.097] - eth_call
[2021/12/17 02:58:03.098] - eth_call
[2021/12/17 02:58:11.367] - eth_getCode
[2021/12/17 02:58:11.383] - eth_gasPrice
[2021/12/17 02:58:11.444] - eth_estimateGas
[2021/12/17 02:58:12.209] - eth_call
[2021/12/17 02:58:12.249] - eth_getTransactionCount
[2021/12/17 02:58:13.503] - eth_blockNumber
[2021/12/17 02:58:33.515] - eth_blockNumber
[2021/12/17 02:58:53.530] - eth_blockNumber
[2021/12/17 02:59:13.550] - eth_blockNumber
[2021/12/17 02:59:26.589] - eth_blockNumber
[2021/12/17 02:59:33.580] - eth_blockNumber
[2021/12/17 02:59:53.589] - eth_blockNumber
[2021/12/17 02:59:56.751] - net_version
[2021/12/17 02:59:56.752] - net_version
[2021/12/17 03:00:13.619] - eth_blockNumber
[2021/12/17 03:00:33.631] - eth_blockNumber
[2021/12/17 03:00:53.651] - eth_blockNumber
[2021/12/17 03:01:13.673] - eth_blockNumber
[2021/12/17 03:01:32.374] - eth_getBlockByNumber
[2021/12/17 03:01:32.437] - eth_getBlockTransactionCountByHash
[2021/12/17 03:01:32.458] - eth_getBlockByNumber
[2021/12/17 03:01:32.485] - eth_getBlockTransactionCountByHash
[2021/12/17 03:01:32.504] - eth_getBlockByNumber
[2021/12/17 03:01:32.523] - eth_getBlockTransactionCountByHash
[2021/12/17 03:01:32.539] - eth_getBlockByNumber
[2021/12/17 03:01:32.561] - eth_getBlockTransactionCountByHash
[2021/12/17 03:01:32.579] - eth_getBlockByNumber
[2021/12/17 03:01:32.596] - eth_getBlockTransactionCountByHash
[2021/12/17 03:01:32.611] - eth_getBlockByNumber
[2021/12/17 03:01:32.628] - eth_getBlockTransactionCountByHash
[2021/12/17 03:01:33.701] - eth_blockNumber
[2021/12/17 03:01:35.714] - eth_getBlockByNumber
[2021/12/17 03:01:35.759] - eth_getTransactionReceipt
[2021/12/17 03:01:35.786] - eth_getBlockByNumber
[2021/12/17 03:01:35.820] - eth_getTransactionReceipt
[2021/12/17 03:01:35.844] - eth_getBlockByNumber
[2021/12/17 03:01:35.862] - eth_getTransactionReceipt
[2021/12/17 03:01:35.884] - eth_getBlockByNumber
[2021/12/17 03:01:35.905] - eth_getTransactionReceipt
[2021/12/17 03:01:35.928] - eth_getBlockByNumber
[2021/12/17 03:01:35.946] - eth_getTransactionReceipt
[2021/12/17 03:01:35.968] - eth_getBlockByNumber
[2021/12/17 03:01:38.932] - eth_getTransactionByHash
[2021/12/17 03:01:48.372] - eth_unsubscribe
[2021/12/17 03:01:48.372] - eth_unsubscribe
