[2021/12/17 03:01:48.620] - Starting server with initial configuration: {"gasLimit":6721975,"gasPrice":20000000000,"hardfork":"petersburg","hostname":"127.0.0.1","port":8545,"network_id":5777,"default_balance_ether":100,"total_accounts":10,"unlocked_accounts":[],"locked":false,"vmErrorsOnRPCResponse":true,"verbose":false,"db_path":"/Users/karolis/Library/Application Support/Ganache/workspaces/foamy-jam/chaindata","logDirectory":"/Users/karolis/Desktop/e-shop"}
[2021/12/17 03:01:48.709] - eth_getCode
[2021/12/17 03:01:48.709] - eth_subscribe
[2021/12/17 03:01:48.709] - eth_getLogs
[2021/12/17 03:01:48.709] - eth_subscribe
[2021/12/17 03:01:48.731] - eth_getCode
[2021/12/17 03:01:48.749] - eth_getCode
[2021/12/17 03:01:48.762] - eth_getCode
[2021/12/17 03:01:48.763] - eth_subscribe
[2021/12/17 03:01:48.763] - eth_getLogs
[2021/12/17 03:01:48.766] - eth_subscribe
[2021/12/17 03:01:48.833] - eth_blockNumber
[2021/12/17 03:01:48.834] - eth_accounts
[2021/12/17 03:01:48.834] - eth_gasPrice
[2021/12/17 03:01:48.834] - eth_getBlockByNumber
[2021/12/17 03:01:48.834] - eth_subscribe
[2021/12/17 03:01:48.834] - eth_blockNumber
[2021/12/17 03:01:48.834] - eth_accounts
[2021/12/17 03:01:48.835] - eth_gasPrice
[2021/12/17 03:01:48.835] - eth_getBlockByNumber
[2021/12/17 03:01:48.835] - eth_subscribe
[2021/12/17 03:01:48.848] - eth_accounts
[2021/12/17 03:01:48.883] - eth_getBalance
[2021/12/17 03:01:48.891] - eth_getTransactionCount
[2021/12/17 03:01:48.894] - eth_getBalance
[2021/12/17 03:01:48.900] - eth_getTransactionCount
[2021/12/17 03:01:48.901] - eth_getBalance
[2021/12/17 03:01:48.909] - eth_getTransactionCount
[2021/12/17 03:01:48.909] - eth_getBalance
[2021/12/17 03:01:48.920] - eth_getTransactionCount
[2021/12/17 03:01:48.925] - eth_getBalance
[2021/12/17 03:01:48.934] - eth_getTransactionCount
[2021/12/17 03:01:48.937] - eth_getBalance
[2021/12/17 03:01:48.940] - eth_getTransactionCount
[2021/12/17 03:01:48.944] - eth_getBalance
[2021/12/17 03:01:48.947] - eth_getTransactionCount
[2021/12/17 03:01:48.956] - eth_getBalance
[2021/12/17 03:01:48.961] - eth_getTransactionCount
[2021/12/17 03:01:48.974] - eth_getBalance
[2021/12/17 03:01:48.979] - eth_getTransactionCount
[2021/12/17 03:01:48.982] - eth_getBalance
[2021/12/17 03:01:48.985] - eth_getTransactionCount
[2021/12/17 03:01:48.992] - eth_getBalance
[2021/12/17 03:01:49.002] - eth_getTransactionCount
[2021/12/17 03:01:49.005] - eth_getBalance
[2021/12/17 03:01:49.008] - eth_getTransactionCount
[2021/12/17 03:01:49.010] - eth_getBalance
[2021/12/17 03:01:49.013] - eth_getTransactionCount
[2021/12/17 03:01:49.015] - eth_getBalance
[2021/12/17 03:01:49.019] - eth_getTransactionCount
[2021/12/17 03:01:49.022] - eth_getBalance
[2021/12/17 03:01:49.024] - eth_getTransactionCount
[2021/12/17 03:01:49.027] - eth_getBalance
[2021/12/17 03:01:49.030] - eth_getTransactionCount
[2021/12/17 03:01:49.032] - eth_getBalance
[2021/12/17 03:01:49.035] - eth_getTransactionCount
[2021/12/17 03:01:49.039] - eth_getBalance
[2021/12/17 03:01:49.042] - eth_getTransactionCount
[2021/12/17 03:01:49.051] - eth_getBalance
[2021/12/17 03:01:49.054] - eth_getTransactionCount
[2021/12/17 03:01:49.057] - eth_getBalance
[2021/12/17 03:01:49.059] - eth_getTransactionCount
[2021/12/17 03:01:49.062] - eth_getBalance
[2021/12/17 03:01:49.066] - eth_getTransactionCount
[2021/12/17 03:01:49.070] - eth_getBalance
[2021/12/17 03:01:49.073] - eth_getTransactionCount
[2021/12/17 03:01:49.076] - eth_getBalance
[2021/12/17 03:01:49.085] - eth_getTransactionCount
[2021/12/17 03:01:49.090] - eth_getBalance
[2021/12/17 03:01:49.091] - eth_getTransactionCount
[2021/12/17 03:01:49.096] - eth_getBalance
[2021/12/17 03:01:49.099] - eth_getTransactionCount
[2021/12/17 03:01:49.102] - eth_getBalance
[2021/12/17 03:01:49.105] - eth_getTransactionCount
[2021/12/17 03:01:49.116] - eth_getBalance
[2021/12/17 03:01:49.119] - eth_getTransactionCount
[2021/12/17 03:01:49.122] - eth_getBalance
[2021/12/17 03:01:49.125] - eth_getTransactionCount
[2021/12/17 03:01:49.128] - eth_getBalance
[2021/12/17 03:01:49.130] - eth_getTransactionCount
[2021/12/17 03:01:49.175] - eth_getBalance
[2021/12/17 03:01:49.179] - eth_getTransactionCount
[2021/12/17 03:01:49.211] - eth_getTransactionCount
[2021/12/17 03:01:49.213] - eth_getBalance
[2021/12/17 03:01:49.216] - eth_getTransactionCount
[2021/12/17 03:01:49.218] - eth_getBalance
[2021/12/17 03:01:49.221] - eth_getTransactionCount
[2021/12/17 03:01:49.224] - eth_getBalance
[2021/12/17 03:01:49.227] - eth_getTransactionCount
[2021/12/17 03:01:49.230] - eth_getBalance
[2021/12/17 03:01:49.232] - eth_getTransactionCount
[2021/12/17 03:01:49.237] - eth_getBalance
[2021/12/17 03:01:49.238] - eth_getTransactionCount
[2021/12/17 03:01:49.241] - eth_getBalance
[2021/12/17 03:01:49.243] - eth_getTransactionCount
[2021/12/17 03:01:49.249] - eth_getBalance
[2021/12/17 03:01:49.254] - eth_getTransactionCount
[2021/12/17 03:01:49.257] - eth_getBalance
[2021/12/17 03:01:49.260] - eth_getTransactionCount
[2021/12/17 03:01:49.262] - eth_getBalance
[2021/12/17 03:01:49.265] - eth_getTransactionCount
[2021/12/17 03:01:53.724] - eth_blockNumber
[2021/12/17 03:02:13.761] - eth_blockNumber
[2021/12/17 03:02:31.694] - eth_blockNumber
[2021/12/17 03:02:31.708] - net_version
[2021/12/17 03:02:31.712] - eth_accounts
[2021/12/17 03:02:31.725] - eth_getBlockByNumber
[2021/12/17 03:02:31.742] - eth_accounts
[2021/12/17 03:02:31.754] - eth_getBlockByNumber
[2021/12/17 03:02:31.759] - eth_getBlockByNumber
[2021/12/17 03:02:31.768] - eth_getBlockByNumber
[2021/12/17 03:02:31.775] - eth_estimateGas
[2021/12/17 03:02:31.883] - eth_getBlockByNumber
[2021/12/17 03:02:31.884] - eth_blockNumber
[2021/12/17 03:02:31.889] - eth_estimateGas
[2021/12/17 03:02:31.930] - eth_getBlockByNumber
[2021/12/17 03:02:31.930] - eth_gasPrice
[2021/12/17 03:02:31.934] - eth_sendTransaction
[2021/12/17 03:02:31.967] - 
[2021/12/17 03:02:31.967] -   Transaction: 0xad759a36f60f3d2b27b7a95ac036293c47c1854335b2bdafcc6b687ca0568ba5
[2021/12/17 03:02:31.967] -   Contract created: 0x4672e2b59ad97ab6cf72eba5587db4d354272093
[2021/12/17 03:02:31.968] -   Gas usage: 221555
[2021/12/17 03:02:31.968] -   Block Number: 6
[2021/12/17 03:02:31.968] -   Block Time: Fri Dec 17 2021 03:02:31 GMT+0200 (Eastern European Standard Time)
[2021/12/17 03:02:31.968] - 
[2021/12/17 03:02:31.969] - eth_getBlockByNumber
[2021/12/17 03:02:31.970] - eth_getTransactionReceipt
[2021/12/17 03:02:31.979] - eth_getCode
[2021/12/17 03:02:31.991] - eth_getTransactionByHash
[2021/12/17 03:02:31.991] - eth_getBalance
[2021/12/17 03:02:31.996] - eth_getBlockByNumber
[2021/12/17 03:02:31.997] - eth_getTransactionCount
[2021/12/17 03:02:32.002] - eth_getBalance
[2021/12/17 03:02:32.003] - eth_getBalance
[2021/12/17 03:02:32.005] - eth_getBlockByNumber
[2021/12/17 03:02:32.010] - eth_getTransactionCount
[2021/12/17 03:02:32.021] - eth_getBalance
[2021/12/17 03:02:32.022] - eth_getTransactionCount
[2021/12/17 03:02:32.022] - eth_getBlockByNumber
[2021/12/17 03:02:32.024] - eth_getBalance
[2021/12/17 03:02:32.030] - eth_getTransactionCount
[2021/12/17 03:02:32.033] - eth_getBalance
[2021/12/17 03:02:32.034] - eth_estimateGas
[2021/12/17 03:02:32.037] - eth_getTransactionCount
[2021/12/17 03:02:32.042] - eth_getBalance
[2021/12/17 03:02:32.045] - eth_getTransactionCount
[2021/12/17 03:02:32.050] - eth_getBalance
[2021/12/17 03:02:32.061] - eth_getTransactionCount
[2021/12/17 03:02:32.062] - eth_getBalance
[2021/12/17 03:02:32.062] - eth_getTransactionCount
[2021/12/17 03:02:32.067] - eth_getBalance
[2021/12/17 03:02:32.069] - eth_getTransactionCount
[2021/12/17 03:02:32.073] - eth_getBalance
[2021/12/17 03:02:32.073] - eth_getBlockByNumber
[2021/12/17 03:02:32.074] - eth_gasPrice
[2021/12/17 03:02:32.088] - eth_getTransactionCount
[2021/12/17 03:02:32.116] - eth_sendTransaction
[2021/12/17 03:02:32.139] - 
[2021/12/17 03:02:32.139] -   Transaction: 0x70cfb3c02b414892ce7acb46e04d283c6250b831ce50b480209d887c2640d171
[2021/12/17 03:02:32.139] -   Gas usage: 41998
[2021/12/17 03:02:32.139] -   Block Number: 7
[2021/12/17 03:02:32.140] -   Block Time: Fri Dec 17 2021 03:02:32 GMT+0200 (Eastern European Standard Time)
[2021/12/17 03:02:32.140] - 
[2021/12/17 03:02:32.140] - eth_getBlockByNumber
[2021/12/17 03:02:32.141] - eth_getTransactionReceipt
[2021/12/17 03:02:32.151] - eth_getBlockByNumber
[2021/12/17 03:02:32.156] - eth_accounts
[2021/12/17 03:02:32.171] - eth_getBlockByNumber
[2021/12/17 03:02:32.174] - eth_getBlockByNumber
[2021/12/17 03:02:32.177] - eth_getBlockByNumber
[2021/12/17 03:02:32.183] - eth_estimateGas
[2021/12/17 03:02:32.254] - eth_getBalance
[2021/12/17 03:02:32.257] - eth_getTransactionCount
[2021/12/17 03:02:32.260] - eth_getBalance
[2021/12/17 03:02:32.266] - eth_getTransactionCount
[2021/12/17 03:02:32.267] - eth_getBalance
[2021/12/17 03:02:32.281] - eth_getTransactionCount
[2021/12/17 03:02:32.281] - eth_getBalance
[2021/12/17 03:02:32.282] - eth_getTransactionCount
[2021/12/17 03:02:32.282] - eth_getBalance
[2021/12/17 03:02:32.287] - eth_getTransactionCount
[2021/12/17 03:02:32.287] - eth_getBalance
[2021/12/17 03:02:32.298] - eth_getTransactionCount
[2021/12/17 03:02:32.298] - eth_getBalance
[2021/12/17 03:02:32.301] - eth_getTransactionCount
[2021/12/17 03:02:32.308] - eth_getBalance
[2021/12/17 03:02:32.314] - eth_getTransactionCount
[2021/12/17 03:02:32.319] - eth_getBalance
[2021/12/17 03:02:32.322] - eth_getTransactionCount
[2021/12/17 03:02:32.398] - eth_getBlockByNumber
[2021/12/17 03:02:32.398] - eth_blockNumber
[2021/12/17 03:02:32.438] - eth_estimateGas
[2021/12/17 03:02:32.601] - eth_getBlockByNumber
[2021/12/17 03:02:32.602] - eth_gasPrice
[2021/12/17 03:02:32.607] - eth_sendTransaction
[2021/12/17 03:02:32.708] - 
[2021/12/17 03:02:32.708] -   Transaction: 0xccb0cf3d78e97daa13221e0d316d8889ba336c19bf99aaefe6faeabe94402340
[2021/12/17 03:02:32.709] -   Contract created: 0x240b9a231c65f763084f5dca98c401b55e2f08a6
[2021/12/17 03:02:32.709] -   Gas usage: 2319799
[2021/12/17 03:02:32.709] -   Block Number: 8
[2021/12/17 03:02:32.709] -   Block Time: Fri Dec 17 2021 03:02:32 GMT+0200 (Eastern European Standard Time)
[2021/12/17 03:02:32.709] - 
[2021/12/17 03:02:32.710] - eth_getBlockByNumber
[2021/12/17 03:02:32.711] - eth_getTransactionReceipt
[2021/12/17 03:02:32.717] - eth_getCode
[2021/12/17 03:02:32.721] - eth_getTransactionByHash
[2021/12/17 03:02:32.725] - eth_getBlockByNumber
[2021/12/17 03:02:32.728] - eth_getBalance
[2021/12/17 03:02:32.736] - eth_getBlockByNumber
[2021/12/17 03:02:32.739] - eth_getBlockByNumber
[2021/12/17 03:02:32.743] - eth_estimateGas
[2021/12/17 03:02:32.761] - eth_getBlockByNumber
[2021/12/17 03:02:32.761] - eth_gasPrice
[2021/12/17 03:02:32.765] - eth_sendTransaction
[2021/12/17 03:02:32.792] - 
[2021/12/17 03:02:32.793] -   Transaction: 0x86170aff2e6396a1a4f5028bb8d70d03f38e928fea6085603dca60e1a979bb99
[2021/12/17 03:02:32.793] -   Gas usage: 26998
[2021/12/17 03:02:32.793] -   Block Number: 9
[2021/12/17 03:02:32.793] -   Block Time: Fri Dec 17 2021 03:02:32 GMT+0200 (Eastern European Standard Time)
[2021/12/17 03:02:32.793] - 
[2021/12/17 03:02:32.797] - eth_getBlockByNumber
[2021/12/17 03:02:32.798] - eth_getTransactionReceipt
[2021/12/17 03:02:32.809] - eth_getBalance
[2021/12/17 03:02:32.817] - eth_getTransactionCount
[2021/12/17 03:02:32.820] - eth_getBalance
[2021/12/17 03:02:32.838] - eth_getTransactionCount
[2021/12/17 03:02:32.839] - eth_getBalance
[2021/12/17 03:02:32.839] - eth_getTransactionCount
[2021/12/17 03:02:32.841] - eth_getBalance
[2021/12/17 03:02:32.841] - eth_getTransactionCount
[2021/12/17 03:02:32.841] - eth_getBalance
[2021/12/17 03:02:32.845] - eth_getTransactionCount
[2021/12/17 03:02:32.854] - eth_getBalance
[2021/12/17 03:02:32.855] - eth_getTransactionCount
[2021/12/17 03:02:32.859] - eth_getBalance
[2021/12/17 03:02:32.863] - eth_getTransactionCount
[2021/12/17 03:02:32.870] - eth_getBalance
[2021/12/17 03:02:32.874] - eth_getTransactionCount
[2021/12/17 03:02:32.880] - eth_getBalance
[2021/12/17 03:02:32.883] - eth_getTransactionCount
[2021/12/17 03:02:32.886] - eth_getBalance
[2021/12/17 03:02:32.889] - eth_getTransactionCount
[2021/12/17 03:02:32.892] - eth_getBalance
[2021/12/17 03:02:32.896] - eth_getTransactionCount
[2021/12/17 03:02:32.901] - eth_getBalance
[2021/12/17 03:02:32.905] - eth_getTransactionCount
[2021/12/17 03:02:32.909] - eth_getBalance
[2021/12/17 03:02:32.916] - eth_getTransactionCount
[2021/12/17 03:02:32.917] - eth_getBalance
[2021/12/17 03:02:32.920] - eth_getTransactionCount
[2021/12/17 03:02:32.926] - eth_getBalance
[2021/12/17 03:02:32.932] - eth_getTransactionCount
[2021/12/17 03:02:32.934] - eth_getBalance
[2021/12/17 03:02:32.937] - eth_getTransactionCount
[2021/12/17 03:02:32.940] - eth_getBalance
[2021/12/17 03:02:32.945] - eth_getTransactionCount
[2021/12/17 03:02:32.948] - eth_getBalance
[2021/12/17 03:02:32.951] - eth_getTransactionCount
[2021/12/17 03:02:32.954] - eth_getBalance
[2021/12/17 03:02:32.957] - eth_getTransactionCount
[2021/12/17 03:02:32.963] - eth_getBalance
[2021/12/17 03:02:32.965] - eth_getTransactionCount
[2021/12/17 03:02:33.781] - eth_blockNumber
[2021/12/17 03:02:33.793] - eth_getBlockByNumber
[2021/12/17 03:02:33.795] - eth_getLogs
[2021/12/17 03:02:33.796] - eth_getLogs
[2021/12/17 03:02:33.801] - eth_getBalance
[2021/12/17 03:02:42.115] - eth_gasPrice
[2021/12/17 03:02:46.419] - net_version
[2021/12/17 03:02:46.421] - net_version
[2021/12/17 03:02:46.428] - eth_getLogs
[2021/12/17 03:02:46.429] - eth_getLogs
[2021/12/17 03:02:46.433] - eth_call
[2021/12/17 03:02:46.460] - eth_call
[2021/12/17 03:02:46.501] - eth_call
[2021/12/17 03:02:46.502] - eth_call
[2021/12/17 03:02:46.502] - eth_call
[2021/12/17 03:02:46.503] - eth_call
[2021/12/17 03:02:49.675] - eth_getCode
[2021/12/17 03:02:49.677] - eth_getCode
[2021/12/17 03:02:49.690] - eth_estimateGas
[2021/12/17 03:02:49.698] - eth_estimateGas
[2021/12/17 03:02:53.796] - eth_blockNumber
[2021/12/17 03:03:13.812] - eth_blockNumber
[2021/12/17 03:03:33.826] - eth_blockNumber
[2021/12/17 03:03:53.847] - eth_blockNumber
[2021/12/17 03:04:13.869] - eth_blockNumber
[2021/12/17 03:04:33.882] - eth_blockNumber
[2021/12/17 03:04:53.903] - eth_blockNumber
[2021/12/17 03:05:08.009] - eth_blockNumber
[2021/12/17 03:05:08.021] - net_version
[2021/12/17 03:05:08.030] - eth_accounts
[2021/12/17 03:05:08.046] - eth_getBlockByNumber
[2021/12/17 03:05:08.056] - eth_getCode
[2021/12/17 03:05:08.102] - eth_call
[2021/12/17 03:05:13.923] - eth_blockNumber
[2021/12/17 03:05:29.745] - net_version
[2021/12/17 03:05:29.753] - net_version
[2021/12/17 03:05:33.957] - eth_blockNumber
[2021/12/17 03:05:49.365] - eth_getBalance
[2021/12/17 03:05:53.977] - eth_blockNumber
[2021/12/17 03:05:55.699] - eth_blockNumber
[2021/12/17 03:06:13.987] - eth_blockNumber
[2021/12/17 03:06:33.997] - eth_blockNumber
[2021/12/17 03:06:54.006] - eth_blockNumber
[2021/12/17 03:07:14.016] - eth_blockNumber
[2021/12/17 03:07:34.028] - eth_blockNumber
[2021/12/17 03:07:54.040] - eth_blockNumber
[2021/12/17 03:08:14.057] - eth_blockNumber
[2021/12/17 03:08:34.076] - eth_blockNumber
[2021/12/17 03:08:54.091] - eth_blockNumber
[2021/12/17 03:08:57.707] - eth_call
[2021/12/17 03:08:57.746] - eth_getTransactionCount
[2021/12/17 03:09:14.103] - eth_blockNumber
[2021/12/17 03:09:34.125] - eth_blockNumber
[2021/12/17 03:09:54.146] - eth_blockNumber
[2021/12/17 03:10:14.172] - eth_blockNumber
[2021/12/17 03:10:34.184] - eth_blockNumber
[2021/12/17 03:10:54.202] - eth_blockNumber
[2021/12/17 03:11:14.222] - eth_blockNumber
[2021/12/17 03:11:34.232] - eth_blockNumber
[2021/12/17 03:11:54.245] - eth_blockNumber
[2021/12/17 03:12:14.263] - eth_blockNumber
[2021/12/17 03:12:34.276] - eth_blockNumber
[2021/12/17 03:12:54.295] - eth_blockNumber
[2021/12/17 03:13:14.314] - eth_blockNumber
[2021/12/17 03:13:34.335] - eth_blockNumber
[2021/12/17 03:13:54.354] - eth_blockNumber
[2021/12/17 03:14:14.370] - eth_blockNumber
[2021/12/17 03:14:34.394] - eth_blockNumber
[2021/12/17 03:14:54.412] - eth_blockNumber
[2021/12/17 03:15:14.427] - eth_blockNumber
[2021/12/17 03:15:34.441] - eth_blockNumber
[2021/12/17 03:15:54.453] - eth_blockNumber
[2021/12/17 03:16:14.474] - eth_blockNumber
[2021/12/17 03:16:34.487] - eth_blockNumber
[2021/12/17 03:16:54.503] - eth_blockNumber
[2021/12/17 03:17:14.522] - eth_blockNumber
[2021/12/17 03:17:34.539] - eth_blockNumber
[2021/12/17 03:17:54.558] - eth_blockNumber
[2021/12/17 03:18:14.581] - eth_blockNumber
[2021/12/17 03:18:34.595] - eth_blockNumber
[2021/12/17 03:18:54.617] - eth_blockNumber
[2021/12/17 03:19:14.632] - eth_blockNumber
[2021/12/17 03:19:34.653] - eth_blockNumber
[2021/12/17 03:19:59.589] - eth_blockNumber
[2021/12/17 03:20:19.616] - eth_blockNumber
[2021/12/17 03:20:39.643] - eth_blockNumber
[2021/12/17 03:20:59.665] - eth_blockNumber
[2021/12/17 03:21:19.681] - eth_blockNumber
[2021/12/17 03:21:39.695] - eth_blockNumber
[2021/12/17 03:21:59.715] - eth_blockNumber
[2021/12/17 03:22:19.729] - eth_blockNumber
[2021/12/17 03:22:39.749] - eth_blockNumber
[2021/12/17 03:22:59.771] - eth_blockNumber
[2021/12/17 03:23:19.788] - eth_blockNumber
[2021/12/17 03:23:39.807] - eth_blockNumber
[2021/12/17 03:23:59.827] - eth_blockNumber
[2021/12/17 03:24:19.845] - eth_blockNumber
[2021/12/17 03:24:39.864] - eth_blockNumber
[2021/12/17 03:24:59.885] - eth_blockNumber
[2021/12/17 03:25:19.908] - eth_blockNumber
[2021/12/17 03:25:39.924] - eth_blockNumber
[2021/12/17 03:25:59.942] - eth_blockNumber
[2021/12/17 03:26:19.976] - eth_blockNumber
[2021/12/17 03:26:40.000] - eth_blockNumber
[2021/12/17 03:27:00.013] - eth_blockNumber
[2021/12/17 03:27:20.035] - eth_blockNumber
[2021/12/17 03:27:40.054] - eth_blockNumber
[2021/12/17 03:28:00.073] - eth_blockNumber
[2021/12/17 03:28:20.092] - eth_blockNumber
[2021/12/17 03:28:40.111] - eth_blockNumber
[2021/12/17 03:29:00.140] - eth_blockNumber
[2021/12/17 03:29:20.164] - eth_blockNumber
[2021/12/17 03:29:40.178] - eth_blockNumber
[2021/12/17 03:30:00.200] - eth_blockNumber
[2021/12/17 03:30:20.219] - eth_blockNumber
[2021/12/17 03:30:40.239] - eth_blockNumber
[2021/12/17 03:31:00.260] - eth_blockNumber
